d:\bzhang\sdk\locstarlocknodb\locstarlock\release\locstarlock.pch
d:\bzhang\sdk\locstarlocknodb\locstarlock\release\stdafx.obj
d:\bzhang\sdk\locstarlocknodb\locstarlock\release\vc110.pdb
d:\bzhang\sdk\locstarlocknodb\locstarlock\release\timeroperator.obj
d:\bzhang\sdk\locstarlocknodb\locstarlock\release\scriptablepluginobjectbase.obj
d:\bzhang\sdk\locstarlocknodb\locstarlock\release\plugin.obj
d:\bzhang\sdk\locstarlocknodb\locstarlock\release\np_entry.obj
d:\bzhang\sdk\locstarlocknodb\locstarlock\release\npp_gate.obj
d:\bzhang\sdk\locstarlocknodb\locstarlock\release\npn_gate.obj
d:\bzhang\sdk\locstarlocknodb\locstarlock\release\locstarlockctl.obj
d:\bzhang\sdk\locstarlocknodb\locstarlock\release\locstarlock.obj
d:\bzhang\sdk\locstarlocknodb\locstarlock\release\ffgsfgsfg.obj
d:\bzhang\sdk\locstarlocknodb\locstarlock\release\controlbase.obj
d:\bzhang\sdk\locstarlocknodb\locstarlock\release\bh.obj
d:\bzhang\sdk\locstarlocknodb\locstarlock\release\dllmain.obj
d:\bzhang\sdk\locstarlocknodb\locstarlock\release\locstarlock_i.obj
d:\bzhang\sdk\locstarlocknodb\release\nptemiclock.dll
d:\bzhang\sdk\locstarlocknodb\release\locstarlock.pdb
d:\bzhang\sdk\locstarlocknodb\locstarlock\release\locstarlock.tlb
d:\bzhang\sdk\locstarlocknodb\locstarlock\locstarlock_p.c
d:\bzhang\sdk\locstarlocknodb\locstarlock\locstarlock_i.c
d:\bzhang\sdk\locstarlocknodb\locstarlock\locstarlock_i.h
d:\bzhang\sdk\locstarlocknodb\locstarlock\release\locstarlock.res
d:\bzhang\sdk\locstarlocknodb\locstarlock\release\cl.command.1.tlog
d:\bzhang\sdk\locstarlocknodb\locstarlock\release\cl.read.1.tlog
d:\bzhang\sdk\locstarlocknodb\locstarlock\release\cl.write.1.tlog
d:\bzhang\sdk\locstarlocknodb\locstarlock\release\link-cvtres.read.1.tlog
d:\bzhang\sdk\locstarlocknodb\locstarlock\release\link-cvtres.write.1.tlog
d:\bzhang\sdk\locstarlocknodb\locstarlock\release\link-rc.read.1.tlog
d:\bzhang\sdk\locstarlocknodb\locstarlock\release\link-rc.write.1.tlog
d:\bzhang\sdk\locstarlocknodb\locstarlock\release\link.command.1.tlog
d:\bzhang\sdk\locstarlocknodb\locstarlock\release\link.read.1.tlog
d:\bzhang\sdk\locstarlocknodb\locstarlock\release\link.write.1.tlog
d:\bzhang\sdk\locstarlocknodb\locstarlock\release\midl-midlc-cl.read.1.tlog
d:\bzhang\sdk\locstarlocknodb\locstarlock\release\midl-midlc.read.1.tlog
d:\bzhang\sdk\locstarlocknodb\locstarlock\release\midl-midlc.write.1.tlog
d:\bzhang\sdk\locstarlocknodb\locstarlock\release\midl.command.1.tlog
d:\bzhang\sdk\locstarlocknodb\locstarlock\release\midl.read.1.tlog
d:\bzhang\sdk\locstarlocknodb\locstarlock\release\midl.write.1.tlog
d:\bzhang\sdk\locstarlocknodb\locstarlock\release\rc.command.1.tlog
d:\bzhang\sdk\locstarlocknodb\locstarlock\release\rc.read.1.tlog
d:\bzhang\sdk\locstarlocknodb\locstarlock\release\rc.write.1.tlog
