e:\work\各类门锁制作包\爱迪尔\adel_v7.5\adellock\debug\adellock.pch
e:\work\各类门锁制作包\爱迪尔\adel_v7.5\adellock\debug\vc120.pdb
e:\work\各类门锁制作包\爱迪尔\adel_v7.5\adellock\debug\vc120.idb
e:\work\各类门锁制作包\爱迪尔\adel_v7.5\adellock\debug\stdafx.obj
e:\work\各类门锁制作包\爱迪尔\adel_v7.5\adellock\debug\controlbase.obj
e:\work\各类门锁制作包\爱迪尔\adel_v7.5\adellock\debug\ffgsfgsfg.obj
e:\work\各类门锁制作包\爱迪尔\adel_v7.5\adellock\debug\adellock.obj
e:\work\各类门锁制作包\爱迪尔\adel_v7.5\adellock\debug\adellockctl.obj
e:\work\各类门锁制作包\爱迪尔\adel_v7.5\adellock\debug\npn_gate.obj
e:\work\各类门锁制作包\爱迪尔\adel_v7.5\adellock\debug\npp_gate.obj
e:\work\各类门锁制作包\爱迪尔\adel_v7.5\adellock\debug\np_entry.obj
e:\work\各类门锁制作包\爱迪尔\adel_v7.5\adellock\debug\plugin.obj
e:\work\各类门锁制作包\爱迪尔\adel_v7.5\adellock\debug\scriptablepluginobjectbase.obj
e:\work\各类门锁制作包\爱迪尔\adel_v7.5\adellock\debug\timeroperator.obj
e:\work\各类门锁制作包\爱迪尔\adel_v7.5\adellock\debug\dllmain.obj
e:\work\各类门锁制作包\爱迪尔\adel_v7.5\adellock\debug\adellock_i.obj
e:\work\各类门锁制作包\爱迪尔\adel_v7.5\debug\npadellock.ilk
e:\work\各类门锁制作包\爱迪尔\adel_v7.5\debug\npadellock.dll
e:\work\各类门锁制作包\爱迪尔\adel_v7.5\debug\adellock.pdb
e:\work\各类门锁制作包\爱迪尔\adel_v7.5\adellock\debug\adellock.tlb
e:\work\各类门锁制作包\爱迪尔\adel_v7.5\adellock\adellock_p.c
e:\work\各类门锁制作包\爱迪尔\adel_v7.5\adellock\adellock_i.c
e:\work\各类门锁制作包\爱迪尔\adel_v7.5\adellock\adellock_i.h
e:\work\各类门锁制作包\爱迪尔\adel_v7.5\adellock\debug\adellock.res
e:\work\各类门锁制作包\爱迪尔\adel_v7.5\adellock\debug\adellock.tlog\cl.command.1.tlog
e:\work\各类门锁制作包\爱迪尔\adel_v7.5\adellock\debug\adellock.tlog\cl.read.1.tlog
e:\work\各类门锁制作包\爱迪尔\adel_v7.5\adellock\debug\adellock.tlog\cl.write.1.tlog
e:\work\各类门锁制作包\爱迪尔\adel_v7.5\adellock\debug\adellock.tlog\link.command.1.tlog
e:\work\各类门锁制作包\爱迪尔\adel_v7.5\adellock\debug\adellock.tlog\link.read.1.tlog
e:\work\各类门锁制作包\爱迪尔\adel_v7.5\adellock\debug\adellock.tlog\link.write.1.tlog
e:\work\各类门锁制作包\爱迪尔\adel_v7.5\adellock\debug\adellock.tlog\midl.command.1.tlog
e:\work\各类门锁制作包\爱迪尔\adel_v7.5\adellock\debug\adellock.tlog\midl.read.1.tlog
e:\work\各类门锁制作包\爱迪尔\adel_v7.5\adellock\debug\adellock.tlog\midl.write.1.tlog
e:\work\各类门锁制作包\爱迪尔\adel_v7.5\adellock\debug\adellock.tlog\rc.command.1.tlog
e:\work\各类门锁制作包\爱迪尔\adel_v7.5\adellock\debug\adellock.tlog\rc.read.1.tlog
e:\work\各类门锁制作包\爱迪尔\adel_v7.5\adellock\debug\adellock.tlog\rc.write.1.tlog
