Build started 9/29/2015 11:15:22 AM.
     1>Project "E:\Work\各类门锁制作包\爱迪尔\Adel_A93\LocStarLock\LocStarLock.vcxproj" on node 2 (Rebuild target(s)).
     1>C:\Program Files (x86)\MSBuild\Microsoft.Cpp\v4.0\V120\Microsoft.CppBuild.targets(388,5): warning MSB8028: The intermediate directory (Debug\) contains files shared from another project (LocStarLock.vcxproj).  This can lead to incorrect clean and rebuild behavior.
     1>Midl:
         C:\Program Files (x86)\Microsoft SDKs\Windows\v7.1A\bin\midl.exe /D _DEBUG /W1 /nologo /char signed /env win32 /Oicf /h "ADELLock_i.h" /iid "ADELLock_i.c" /proxy "ADELLock_p.c" /tlb "Debug\ADELLock.tlb" /robust ADELLock.idl 
         Processing .\ADELLock.idl
         ADELLock.idl
         Processing C:\Program Files (x86)\Microsoft SDKs\Windows\v7.1A\include\oaidl.idl
         oaidl.idl
         Processing C:\Program Files (x86)\Microsoft SDKs\Windows\v7.1A\include\objidl.idl
         objidl.idl
         Processing C:\Program Files (x86)\Microsoft SDKs\Windows\v7.1A\include\unknwn.idl
         unknwn.idl
         Processing C:\Program Files (x86)\Microsoft SDKs\Windows\v7.1A\include\wtypes.idl
         wtypes.idl
         Processing C:\Program Files (x86)\Microsoft SDKs\Windows\v7.1A\include\basetsd.h
         basetsd.h
         Processing C:\Program Files (x86)\Microsoft SDKs\Windows\v7.1A\include\guiddef.h
         guiddef.h
         Processing C:\Program Files (x86)\Microsoft SDKs\Windows\v7.1A\include\ocidl.idl
         ocidl.idl
         Processing C:\Program Files (x86)\Microsoft SDKs\Windows\v7.1A\include\oleidl.idl
         oleidl.idl
         Processing C:\Program Files (x86)\Microsoft SDKs\Windows\v7.1A\include\servprov.idl
         servprov.idl
         Processing C:\Program Files (x86)\Microsoft SDKs\Windows\v7.1A\include\urlmon.idl
         urlmon.idl
         Processing C:\Program Files (x86)\Microsoft SDKs\Windows\v7.1A\include\msxml.idl
         msxml.idl
         Processing C:\Program Files (x86)\Microsoft SDKs\Windows\v7.1A\include\oaidl.acf
         oaidl.acf
         Processing C:\Program Files (x86)\Microsoft SDKs\Windows\v7.1A\include\ocidl.acf
         ocidl.acf
       ClCompile:
         D:\Program Files (x86)\Microsoft Visual Studio 12.0\VC\bin\CL.exe /c /ZI /nologo /W3 /WX- /sdl /Od /Oy- /D WIN32 /D _WINDOWS /D _DEBUG /D _USRDLL /D _USING_V110_SDK71_ /D _WINDLL /D _MBCS /Gm /EHsc /RTC1 /MTd /GS /fp:precise /Zc:wchar_t /Zc:forScope /Yc"stdafx.h" /Fp"Debug\ADELLock.pch" /Fo"Debug\\" /Fd"Debug\vc120.pdb" /Gd /TP /analyze- /errorReport:prompt stdafx.cpp
         stdafx.cpp
         D:\Program Files (x86)\Microsoft Visual Studio 12.0\VC\bin\CL.exe /c /ZI /nologo /W3 /WX- /sdl /Od /Oy- /D WIN32 /D _WINDOWS /D _DEBUG /D _USRDLL /D _USING_V110_SDK71_ /D _WINDLL /D _MBCS /Gm /EHsc /RTC1 /MTd /GS /fp:precise /Zc:wchar_t /Zc:forScope /Yu"stdafx.h" /Fp"Debug\ADELLock.pch" /Fo"Debug\\" /Fd"Debug\vc120.pdb" /Gd /TP /analyze- /errorReport:prompt ControlBase.cpp ffgsfgsfg.cpp ADELLock.cpp ADELLockCtl.cpp npn_gate.cpp npp_gate.cpp np_entry.cpp Plugin.cpp ScriptablePluginObjectBase.cpp TimerOperator.cpp
         TimerOperator.cpp
     1>e:\work\各类门锁制作包\爱迪尔\adel_a93\locstarlock\timeroperator.cpp(573): warning C4101: 'tempStr' : unreferenced local variable
         ScriptablePluginObjectBase.cpp
         Plugin.cpp
         np_entry.cpp
         npp_gate.cpp
         npn_gate.cpp
         ADELLockCtl.cpp
         ADELLock.cpp
         ffgsfgsfg.cpp
         ControlBase.cpp
         Generating Code...
         D:\Program Files (x86)\Microsoft Visual Studio 12.0\VC\bin\CL.exe /c /ZI /nologo /W3 /WX- /sdl /Od /Oy- /D WIN32 /D _WINDOWS /D _DEBUG /D _USRDLL /D _USING_V110_SDK71_ /D _WINDLL /D _MBCS /Gm /EHsc /RTC1 /MTd /GS /fp:precise /Zc:wchar_t /Zc:forScope /Fo"Debug\\" /Fd"Debug\vc120.pdb" /Gd /TP /analyze- /errorReport:prompt dllmain.cpp
         dllmain.cpp
         D:\Program Files (x86)\Microsoft Visual Studio 12.0\VC\bin\CL.exe /c /ZI /nologo /W3 /WX- /sdl /Od /Oy- /D WIN32 /D _WINDOWS /D _DEBUG /D _USRDLL /D _USING_V110_SDK71_ /D _WINDLL /D _MBCS /Gm /EHsc /RTC1 /MTd /GS /fp:precise /Zc:wchar_t /Zc:forScope /Fo"Debug\\" /Fd"Debug\vc120.pdb" /Gd /TC /analyze- /errorReport:prompt ADELLock_i.c
         ADELLock_i.c
       ResourceCompile:
         C:\Program Files (x86)\Microsoft SDKs\Windows\v7.1A\bin\rc.exe /D _DEBUG /D _USING_V110_SDK71_ /l"0x0409" /IDebug\ /nologo /fo"Debug\ADELLock.res" ADELLock.rc 
     1>C:\Program Files (x86)\MSBuild\Microsoft.Cpp\v4.0\V120\Microsoft.CppBuild.targets(1193,5): warning MSB8012: TargetPath(E:\Work\各类门锁制作包\爱迪尔\Adel_A93\Debug\ADELLock.dll) does not match the Linker's OutputFile property value (E:\Work\各类门锁制作包\爱迪尔\Adel_A93\Debug\npAdelLock.dll). This may cause your project to build incorrectly. To correct this, please make sure that $(OutDir), $(TargetName) and $(TargetExt) property values match the value specified in %(Link.OutputFile).
     1>C:\Program Files (x86)\MSBuild\Microsoft.Cpp\v4.0\V120\Microsoft.CppBuild.targets(1195,5): warning MSB8012: TargetName(ADELLock) does not match the Linker's OutputFile property value (npAdelLock). This may cause your project to build incorrectly. To correct this, please make sure that $(OutDir), $(TargetName) and $(TargetExt) property values match the value specified in %(Link.OutputFile).
       Link:
         D:\Program Files (x86)\Microsoft Visual Studio 12.0\VC\bin\link.exe /ERRORREPORT:PROMPT /OUT:"E:\Work\各类门锁制作包\爱迪尔\Adel_A93\Debug\npAdelLock.dll" /INCREMENTAL /NOLOGO kernel32.lib user32.lib gdi32.lib winspool.lib comdlg32.lib advapi32.lib shell32.lib ole32.lib oleaut32.lib uuid.lib odbc32.lib odbccp32.lib /DEF:".\ADELLock.def" /MANIFEST /MANIFESTUAC:"level='asInvoker' uiAccess='false'" /manifest:embed /DEBUG /PDB:"E:\Work\各类门锁制作包\爱迪尔\Adel_A93\Debug\ADELLock.pdb" /SUBSYSTEM:WINDOWS,"5.01" /TLBID:1 /DYNAMICBASE /NXCOMPAT /MACHINE:X86 /DLL Debug\ADELLock.res
         Debug\ControlBase.obj
         Debug\dllmain.obj
         Debug\ffgsfgsfg.obj
         Debug\ADELLock.obj
         Debug\ADELLockCtl.obj
         Debug\ADELLock_i.obj
         Debug\npn_gate.obj
         Debug\npp_gate.obj
         Debug\np_entry.obj
         Debug\Plugin.obj
         Debug\ScriptablePluginObjectBase.obj
         Debug\stdafx.obj
         Debug\TimerOperator.obj
         LINK : program database E:\Work\各类门锁制作包\爱迪尔\Adel_A93\Debug\ADELLock.pdb missing; performing full link
            Creating library E:\Work\各类门锁制作包\爱迪尔\Adel_A93\Debug\npAdelLock.lib and object E:\Work\各类门锁制作包\爱迪尔\Adel_A93\Debug\npAdelLock.exp
         LocStarLock.vcxproj -> E:\Work\各类门锁制作包\爱迪尔\Adel_A93\Debug\ADELLock.dll
     1>Done Building Project "E:\Work\各类门锁制作包\爱迪尔\Adel_A93\LocStarLock\LocStarLock.vcxproj" (Rebuild target(s)).

Build succeeded.

Time Elapsed 00:00:04.07
