e:\work\bidalock_rw-26d\locstarlock\debug\locstarlock.pch
e:\work\bidalock_rw-26d\locstarlock\debug\vc120.pdb
e:\work\bidalock_rw-26d\locstarlock\debug\vc120.idb
e:\work\bidalock_rw-26d\locstarlock\debug\stdafx.obj
e:\work\bidalock_rw-26d\locstarlock\debug\controlbase.obj
e:\work\bidalock_rw-26d\locstarlock\debug\ffgsfgsfg.obj
e:\work\bidalock_rw-26d\locstarlock\debug\locstarlock.obj
e:\work\bidalock_rw-26d\locstarlock\debug\locstarlockctl.obj
e:\work\bidalock_rw-26d\locstarlock\debug\npn_gate.obj
e:\work\bidalock_rw-26d\locstarlock\debug\npp_gate.obj
e:\work\bidalock_rw-26d\locstarlock\debug\np_entry.obj
e:\work\bidalock_rw-26d\locstarlock\debug\plugin.obj
e:\work\bidalock_rw-26d\locstarlock\debug\roomnumber.obj
e:\work\bidalock_rw-26d\locstarlock\debug\scriptablepluginobjectbase.obj
e:\work\bidalock_rw-26d\locstarlock\debug\timeroperator.obj
e:\work\bidalock_rw-26d\locstarlock\debug\dllmain.obj
e:\work\bidalock_rw-26d\locstarlock\debug\locstarlock_i.obj
e:\work\bidalock_rw-26d\debug\npadellock.ilk
e:\work\bidalock_rw-26d\debug\npadellock.dll
e:\work\bidalock_rw-26d\debug\locstarlock.pdb
e:\work\bidalock_rw-26d\locstarlock\debug\locstarlock.tlb
e:\work\bidalock_rw-26d\locstarlock\locstarlock_p.c
e:\work\bidalock_rw-26d\locstarlock\locstarlock_i.c
e:\work\bidalock_rw-26d\locstarlock\locstarlock_i.h
e:\work\bidalock_rw-26d\locstarlock\debug\locstarlock.res
e:\work\bidalock_rw-26d\locstarlock\debug\locstarlock.tlog\cl.command.1.tlog
e:\work\bidalock_rw-26d\locstarlock\debug\locstarlock.tlog\cl.read.1.tlog
e:\work\bidalock_rw-26d\locstarlock\debug\locstarlock.tlog\cl.write.1.tlog
e:\work\bidalock_rw-26d\locstarlock\debug\locstarlock.tlog\link.command.1.tlog
e:\work\bidalock_rw-26d\locstarlock\debug\locstarlock.tlog\link.read.1.tlog
e:\work\bidalock_rw-26d\locstarlock\debug\locstarlock.tlog\link.write.1.tlog
e:\work\bidalock_rw-26d\locstarlock\debug\locstarlock.tlog\midl.command.1.tlog
e:\work\bidalock_rw-26d\locstarlock\debug\locstarlock.tlog\midl.read.1.tlog
e:\work\bidalock_rw-26d\locstarlock\debug\locstarlock.tlog\midl.write.1.tlog
e:\work\bidalock_rw-26d\locstarlock\debug\locstarlock.tlog\rc.command.1.tlog
e:\work\bidalock_rw-26d\locstarlock\debug\locstarlock.tlog\rc.read.1.tlog
e:\work\bidalock_rw-26d\locstarlock\debug\locstarlock.tlog\rc.write.1.tlog
